<?xml version="1.0" encoding="UTF-8" ?>
<testsuite errors="0" failures="0" hostname="rick-mercers-macbook-pro.local" name="tests.SpritesTest" tests="26" time="0.073" timestamp="2014-03-24T12:23:12">
  <properties>
    <property name="java.vendor" value="Oracle Corporation" />
    <property name="sun.java.launcher" value="SUN_STANDARD" />
    <property name="eclipse.pdebuild.templates" value="/Applications/eclipse 2/plugins/org.eclipse.pde.build_3.8.100.v20130514-1028/templates//" />
    <property name="sun.management.compiler" value="HotSpot 64-Bit Tiered Compilers" />
    <property name="os.name" value="Mac OS X" />
    <property name="sun.boot.class.path" value="/Library/Java/JavaVirtualMachines/jdk1.7.0_11.jdk/Contents/Home/jre/lib/resources.jar:/Library/Java/JavaVirtualMachines/jdk1.7.0_11.jdk/Contents/Home/jre/lib/rt.jar:/Library/Java/JavaVirtualMachines/jdk1.7.0_11.jdk/Contents/Home/jre/lib/sunrsasign.jar:/Library/Java/JavaVirtualMachines/jdk1.7.0_11.jdk/Contents/Home/jre/lib/jsse.jar:/Library/Java/JavaVirtualMachines/jdk1.7.0_11.jdk/Contents/Home/jre/lib/jce.jar:/Library/Java/JavaVirtualMachines/jdk1.7.0_11.jdk/Contents/Home/jre/lib/charsets.jar:/Library/Java/JavaVirtualMachines/jdk1.7.0_11.jdk/Contents/Home/jre/lib/jfr.jar:/Library/Java/JavaVirtualMachines/jdk1.7.0_11.jdk/Contents/Home/jre/lib/JObjC.jar:/Library/Java/JavaVirtualMachines/jdk1.7.0_11.jdk/Contents/Home/jre/classes" />
    <property name="java.vm.specification.vendor" value="Oracle Corporation" />
    <property name="ant.home" value="/Applications/eclipse 2/plugins/org.apache.ant_1.8.4.v201303080030" />
    <property name="java.runtime.version" value="1.7.0_11-b21" />
    <property name="user.name" value="mercer" />
    <property name="build.dir" value="/Users/mercer/git/flag-capture/bin" />
    <property name="user.language" value="en" />
    <property name="test.report.dir" value="/Users/mercer/git/flag-capture/testreport" />
    <property name="sun.boot.library.path" value="/Library/Java/JavaVirtualMachines/jdk1.7.0_11.jdk/Contents/Home/jre/lib" />
    <property name="ant.file.type.Ant-Test" value="file" />
    <property name="ant.project.default-target" value="main" />
    <property name="ant.project.name" value="Ant-Test" />
    <property name="java.version" value="1.7.0_11" />
    <property name="user.timezone" value="" />
    <property name="sun.arch.data.model" value="64" />
    <property name="http.nonProxyHosts" value="local|*.local|169.254/16|*.169.254/16" />
    <property name="java.endorsed.dirs" value="/Library/Java/JavaVirtualMachines/jdk1.7.0_11.jdk/Contents/Home/jre/lib/endorsed" />
    <property name="sun.cpu.isalist" value="" />
    <property name="sun.jnu.encoding" value="US-ASCII" />
    <property name="file.encoding.pkg" value="sun.io" />
    <property name="file.separator" value="/" />
    <property name="java.specification.name" value="Java Platform API Specification" />
    <property name="java.class.version" value="51.0" />
    <property name="user.country" value="US" />
    <property name="java.home" value="/Library/Java/JavaVirtualMachines/jdk1.7.0_11.jdk/Contents/Home/jre" />
    <property name="java.vm.info" value="mixed mode" />
    <property name="ant.file" value="/Users/mercer/git/flag-capture/build.xml" />
    <property name="os.version" value="10.7.5" />
    <property name="path.separator" value=":" />
    <property name="java.vm.version" value="23.6-b04" />
    <property name="ant.library.dir" value="/Applications/eclipse 2/plugins/org.apache.ant_1.8.4.v201303080030/lib" />
    <property name="java.awt.printerjob" value="sun.lwawt.macosx.CPrinterJob" />
    <property name="sun.io.unicode.encoding" value="UnicodeBig" />
    <property name="awt.toolkit" value="sun.lwawt.macosx.LWCToolkit" />
    <property name="socksNonProxyHosts" value="local|*.local|169.254/16|*.169.254/16" />
    <property name="ftp.nonProxyHosts" value="local|*.local|169.254/16|*.169.254/16" />
    <property name="eclipse.pdebuild.scripts" value="/Applications/eclipse 2/plugins/org.eclipse.pde.build_3.8.100.v20130514-1028/scripts//" />
    <property name="user.home" value="/Users/mercer" />
    <property name="java.specification.vendor" value="Oracle Corporation" />
    <property name="test.dir" value="/Users/mercer/git/flag-capture/src" />
    <property name="java.library.path" value="/Users/mercer/Library/Java/Extensions:/Library/Java/Extensions:/Network/Library/Java/Extensions:/System/Library/Java/Extensions:/usr/lib/java:." />
    <property name="java.vendor.url" value="http://java.oracle.com/" />
    <property name="ant.file.Ant-Test" value="/Users/mercer/git/flag-capture/build.xml" />
    <property name="java.vm.vendor" value="Oracle Corporation" />
    <property name="gopherProxySet" value="false" />
    <property name="java.runtime.name" value="Java(TM) SE Runtime Environment" />
    <property name="sun.java.command" value="org.apache.tools.ant.taskdefs.optional.junit.JUnitTestRunner tests.SpritesTest filtertrace=true haltOnError=false haltOnFailure=true formatter=org.apache.tools.ant.taskdefs.optional.junit.SummaryJUnitResultFormatter showoutput=false outputtoformatters=true logfailedtests=true logtestlistenerevents=false formatter=org.apache.tools.ant.taskdefs.optional.junit.XMLJUnitResultFormatter,/Users/mercer/git/flag-capture/testreport/TEST-tests.SpritesTest.xml crashfile=/Users/mercer/git/flag-capture/junitvmwatcher7226660272540229665.properties propsfile=/Users/mercer/git/flag-capture/junit9090170446400782865.properties" />
    <property name="java.class.path" value="/Users/mercer/git/flag-capture/lib/junit.jar:/Users/mercer/git/flag-capture/lib/org.hamcrest.core_1.3.0.v201303031735.jar:/Users/mercer/git/flag-capture/bin:/Applications/eclipse 2/plugins/org.apache.ant_1.8.4.v201303080030/lib/ant-launcher.jar:/Applications/eclipse 2/plugins/org.apache.ant_1.8.4.v201303080030/lib/ant.jar:/Applications/eclipse 2/plugins/org.apache.ant_1.8.4.v201303080030/lib/ant-junit.jar:/Applications/eclipse 2/plugins/org.apache.ant_1.8.4.v201303080030/lib/ant-junit4.jar" />
    <property name="ant.version" value="Apache Ant(TM) version 1.8.4 compiled on May 22 2012" />
    <property name="java.vm.specification.name" value="Java Virtual Machine Specification" />
    <property name="java.vm.specification.version" value="1.7" />
    <property name="sun.cpu.endian" value="little" />
    <property name="sun.os.patch.level" value="unknown" />
    <property name="eclipse.pdebuild.home" value="/Applications/eclipse 2/plugins/org.eclipse.pde.build_3.8.100.v20130514-1028/.//" />
    <property name="java.io.tmpdir" value="/var/folders/nq/f5np6d8n7952nm00mkmw1s3m0000gn/T/" />
    <property name="java.vendor.url.bug" value="http://bugreport.sun.com/bugreport/" />
    <property name="os.arch" value="x86_64" />
    <property name="java.awt.graphicsenv" value="sun.awt.CGraphicsEnvironment" />
    <property name="java.ext.dirs" value="/Users/mercer/Library/Java/Extensions:/Library/Java/JavaVirtualMachines/jdk1.7.0_11.jdk/Contents/Home/jre/lib/ext:/Library/Java/Extensions:/Network/Library/Java/Extensions:/System/Library/Java/Extensions:/usr/lib/java" />
    <property name="user.dir" value="/Users/mercer/git/flag-capture" />
    <property name="line.separator" value="&#xa;" />
    <property name="java.vm.name" value="Java HotSpot(TM) 64-Bit Server VM" />
    <property name="basedir" value="/Users/mercer/git/flag-capture" />
    <property name="ant.java.version" value="1.7" />
    <property name="ant.core.lib" value="/Applications/eclipse 2/plugins/org.apache.ant_1.8.4.v201303080030/lib/ant.jar" />
    <property name="file.encoding" value="US-ASCII" />
    <property name="java.specification.version" value="1.7" />
    <property name="src.dir" value="/Users/mercer/git/flag-capture/src" />
    <property name="ant.project.invoked-targets" value="main" />
  </properties>
  <testcase classname="tests.SpritesTest" name="testPositionThrowsExceptionRowsTooBig" time="0.003" />
  <testcase classname="tests.SpritesTest" name="testGetAward" time="0.001" />
  <testcase classname="tests.SpritesTest" name="testPositionThrowsExceptionColumn" time="0.001" />
  <testcase classname="tests.SpritesTest" name="testPositionThrowsException" time="0.0" />
  <testcase classname="tests.SpritesTest" name="testIsTaggedWhenChallengerIsReversedTheReceiverThatIs" time="0.0" />
  <testcase classname="tests.SpritesTest" name="testOneUnitGetsAnothersFlag" time="0.0" />
  <testcase classname="tests.SpritesTest" name="testChallengeCount" time="0.0" />
  <testcase classname="tests.SpritesTest" name="testGetters" time="0.001" />
  <testcase classname="tests.SpritesTest" name="testAwardGiven" time="0.0" />
  <testcase classname="tests.SpritesTest" name="testPositionThrowsExceptionColumnsTooBig" time="0.0" />
  <testcase classname="tests.SpritesTest" name="testChallenge2" time="0.001" />
  <testcase classname="tests.SpritesTest" name="testChallengeTakesBandana" time="0.0" />
  <testcase classname="tests.SpritesTest" name="testWinsRecordedInTheProfile" time="0.0" />
  <testcase classname="tests.SpritesTest" name="testFightWhenThisCaloriesIsBetter" time="0.0" />
  <testcase classname="tests.SpritesTest" name="testProfileIsUpdated" time="0.001" />
  <testcase classname="tests.SpritesTest" name="testDifferentSides" time="0.0" />
  <testcase classname="tests.SpritesTest" name="testIsTagged" time="0.001" />
  <testcase classname="tests.SpritesTest" name="testDifferentSidesWithADifferentReceiver" time="0.0" />
  <testcase classname="tests.SpritesTest" name="testProfileUpdate" time="0.0" />
  <testcase classname="tests.SpritesTest" name="testProfileGetsAllThreeAwards" time="0.0" />
  <testcase classname="tests.SpritesTest" name="testChallengesWonCount" time="0.0" />
  <testcase classname="tests.SpritesTest" name="testPosition" time="0.0" />
  <testcase classname="tests.SpritesTest" name="testFightWhenOthersCaloriesIsBetter" time="0.0" />
  <testcase classname="tests.SpritesTest" name="testMutators" time="0.0" />
  <testcase classname="tests.SpritesTest" name="testIfTagged" time="0.0" />
  <testcase classname="tests.SpritesTest" name="testChallenge" time="0.0" />
  <system-out><![CDATA[]]></system-out>
  <system-err><![CDATA[]]></system-err>
</testsuite>
